Using pre-set license
Built from '2021.3/staging' branch; Version is '2021.3.0f1 (6eacc8284459) revision 7253192'; Using compiler version '192829333'; Build Type 'Release'
OS: 'Windows 11  (10.0.22593) 64bit Professional' Language: 'en' Physical Memory: 32605 MB
BatchMode: 1, IsHumanControllingUs: 0, StartBugReporterOnCrash: 0, Is64bit: 1, IsPro: 1

COMMAND LINE ARGUMENTS:
C:\Program Files\Unity 2021.3.0f1\Editor\Unity.exe
-adb2
-batchMode
-noUpm
-name
AssetImportWorker0
-projectPath
C:/Users/lator/Documents/GitHub/3D-GAME-VJ-FIB/GAME/SpaceInvaders
-logFile
Logs/AssetImportWorker0.log
-srvPort
59102
Successfully changed project path to: C:/Users/lator/Documents/GitHub/3D-GAME-VJ-FIB/GAME/SpaceInvaders
C:/Users/lator/Documents/GitHub/3D-GAME-VJ-FIB/GAME/SpaceInvaders
[UnityMemory] Configuration Parameters - Can be set up in boot.config
    "memorysetup-bucket-allocator-granularity=16"
    "memorysetup-bucket-allocator-bucket-count=8"
    "memorysetup-bucket-allocator-block-size=33554432"
    "memorysetup-bucket-allocator-block-count=8"
    "memorysetup-main-allocator-block-size=16777216"
    "memorysetup-thread-allocator-block-size=16777216"
    "memorysetup-gfx-main-allocator-block-size=16777216"
    "memorysetup-gfx-thread-allocator-block-size=16777216"
    "memorysetup-cache-allocator-block-size=4194304"
    "memorysetup-typetree-allocator-block-size=2097152"
    "memorysetup-profiler-bucket-allocator-granularity=16"
    "memorysetup-profiler-bucket-allocator-bucket-count=8"
    "memorysetup-profiler-bucket-allocator-block-size=33554432"
    "memorysetup-profiler-bucket-allocator-block-count=8"
    "memorysetup-profiler-allocator-block-size=16777216"
    "memorysetup-profiler-editor-allocator-block-size=1048576"
    "memorysetup-temp-allocator-size-main=16777216"
    "memorysetup-job-temp-allocator-block-size=2097152"
    "memorysetup-job-temp-allocator-block-size-background=1048576"
    "memorysetup-job-temp-allocator-reduction-small-platforms=262144"
    "memorysetup-temp-allocator-size-background-worker=32768"
    "memorysetup-temp-allocator-size-job-worker=262144"
    "memorysetup-temp-allocator-size-preload-manager=33554432"
    "memorysetup-temp-allocator-size-nav-mesh-worker=65536"
    "memorysetup-temp-allocator-size-audio-worker=65536"
    "memorysetup-temp-allocator-size-cloud-worker=32768"
    "memorysetup-temp-allocator-size-gi-baking-worker=262144"
    "memorysetup-temp-allocator-size-gfx=262144"
Refreshing native plugins compatible for Editor in 67.85 ms, found 3 plugins.
Preloading 0 native plugins for Editor in 0.00 ms.
Initialize engine version: 2021.3.0f1 (6eacc8284459)
[Subsystems] Discovering subsystems at path C:/Program Files/Unity 2021.3.0f1/Editor/Data/Resources/UnitySubsystems
[Subsystems] Discovering subsystems at path C:/Users/lator/Documents/GitHub/3D-GAME-VJ-FIB/GAME/SpaceInvaders/Assets
GfxDevice: creating device client; threaded=0; jobified=0
Direct3D:
    Version:  Direct3D 11.0 [level 11.1]
    Renderer: NVIDIA GeForce RTX 3070 Laptop GPU (ID=0x249d)
    Vendor:   NVIDIA
    VRAM:     8044 MB
    Driver:   30.0.15.1215
Initialize mono
Mono path[0] = 'C:/Program Files/Unity 2021.3.0f1/Editor/Data/Managed'
Mono path[1] = 'C:/Program Files/Unity 2021.3.0f1/Editor/Data/MonoBleedingEdge/lib/mono/unityjit-win32'
Mono config path = 'C:/Program Files/Unity 2021.3.0f1/Editor/Data/MonoBleedingEdge/etc'
Using monoOptions --debugger-agent=transport=dt_socket,embedding=1,server=y,suspend=n,address=127.0.0.1:56960
Begin MonoManager ReloadAssembly
Registering precompiled unity dll's ...
Register platform support module: C:/Program Files/Unity 2021.3.0f1/Editor/Data/PlaybackEngines/WindowsStandaloneSupport/UnityEditor.WindowsStandalone.Extensions.dll
Registered in 0.003540 seconds.
Native extension for WindowsStandalone target not found
Refreshing native plugins compatible for Editor in 67.53 ms, found 3 plugins.
Preloading 0 native plugins for Editor in 0.00 ms.
Mono: successfully reloaded assembly
- Completed reload, in  0.677 seconds
Domain Reload Profiling:
	ReloadAssembly (677ms)
		BeginReloadAssembly (71ms)
			ExecutionOrderSort (0ms)
			DisableScriptedObjects (0ms)
			BackupInstance (0ms)
			ReleaseScriptingObjects (0ms)
			CreateAndSetChildDomain (1ms)
		EndReloadAssembly (488ms)
			LoadAssemblies (69ms)
			RebuildTransferFunctionScriptingTraits (0ms)
			SetupTypeCache (131ms)
			ReleaseScriptCaches (0ms)
			RebuildScriptCaches (27ms)
			SetupLoadedEditorAssemblies (274ms)
				LogAssemblyErrors (0ms)
				InitializePlatformSupportModulesInManaged (7ms)
				SetLoadedEditorAssemblies (0ms)
				RefreshPlugins (68ms)
				BeforeProcessingInitializeOnLoad (1ms)
				ProcessInitializeOnLoadAttributes (149ms)
				ProcessInitializeOnLoadMethodAttributes (49ms)
				AfterProcessingInitializeOnLoad (0ms)
				EditorAssembliesLoaded (0ms)
			ExecutionOrderSort2 (0ms)
			AwakeInstancesAfterBackupRestoration (0ms)
Platform modules already initialized, skipping
Registering precompiled user dll's ...
Registered in 0.004363 seconds.
Begin MonoManager ReloadAssembly
Symbol file LoadedFromMemory doesn't match image C:\Users\lator\Documents\GitHub\3D-GAME-VJ-FIB\GAME\SpaceInvaders\Library\PackageCache\com.unity.visualscripting@1.7.6\Editor\VisualScripting.Core\Dependencies\YamlDotNet\Unity.VisualScripting.YamlDotNet.dll
Symbol file LoadedFromMemory is not a mono symbol file
Symbol file LoadedFromMemory doesn't match image C:\Users\lator\Documents\GitHub\3D-GAME-VJ-FIB\GAME\SpaceInvaders\Library\PackageCache\com.unity.visualscripting@1.7.6\Editor\VisualScripting.Core\Dependencies\DotNetZip\Unity.VisualScripting.IonicZip.dll
Native extension for WindowsStandalone target not found
Refreshing native plugins compatible for Editor in 0.74 ms, found 3 plugins.
Preloading 0 native plugins for Editor in 0.00 ms.
Mono: successfully reloaded assembly
- Completed reload, in  1.145 seconds
Domain Reload Profiling:
	ReloadAssembly (1146ms)
		BeginReloadAssembly (101ms)
			ExecutionOrderSort (0ms)
			DisableScriptedObjects (7ms)
			BackupInstance (0ms)
			ReleaseScriptingObjects (0ms)
			CreateAndSetChildDomain (17ms)
		EndReloadAssembly (937ms)
			LoadAssemblies (100ms)
			RebuildTransferFunctionScriptingTraits (0ms)
			SetupTypeCache (323ms)
			ReleaseScriptCaches (1ms)
			RebuildScriptCaches (65ms)
			SetupLoadedEditorAssemblies (380ms)
				LogAssemblyErrors (0ms)
				InitializePlatformSupportModulesInManaged (8ms)
				SetLoadedEditorAssemblies (1ms)
				RefreshPlugins (1ms)
				BeforeProcessingInitializeOnLoad (102ms)
				ProcessInitializeOnLoadAttributes (237ms)
				ProcessInitializeOnLoadMethodAttributes (24ms)
				AfterProcessingInitializeOnLoad (6ms)
				EditorAssembliesLoaded (0ms)
			ExecutionOrderSort2 (0ms)
			AwakeInstancesAfterBackupRestoration (6ms)
Platform modules already initialized, skipping
========================================================================
Worker process is ready to serve import requests
Launched and connected shader compiler UnityShaderCompiler.exe after 0.10 seconds
Refreshing native plugins compatible for Editor in 0.97 ms, found 3 plugins.
Preloading 0 native plugins for Editor in 0.00 ms.
Unloading 3230 Unused Serialized files (Serialized files now loaded: 0)
Unloading 21 unused Assets / (56.0 KB). Loaded Objects now: 3692.
Memory consumption went from 112.1 MB to 112.1 MB.
Total: 3.416400 ms (FindLiveObjects: 0.379800 ms CreateObjectMapping: 0.397400 ms MarkObjects: 2.554300 ms  DeleteObjects: 0.083600 ms)

AssetImportParameters requested are different than current active one (requested -> active):
  custom:video-decoder-ogg-theora: a1e56fd34408186e4bbccfd4996cb3dc -> 
  custom:container-muxer-webm: aa71ff27fc2769a1b78a27578f13a17b -> 
  custom:container-demuxer-webm: 4f35f7cbe854078d1ac9338744f61a02 -> 
  custom:video-encoder-webm-vp8: eb34c28f22e8b96e1ab97ce403110664 -> 
  custom:video-codec-MediaFoundation-h265: 746d11721c4dcdbdad8f713fa42b33f4 -> 
  custom:audio-encoder-webm-vorbis: bf7c407c2cedff20999df2af8eb42d56 -> 
  custom:framework-win-MediaFoundation: 216162199b28c13a410421893ffa2e32 -> 
  custom:container-demuxer-ogg: 62fdf1f143b41e24485cea50d1cbac27 -> 
  custom:video-decoder-webm-vp8: 9c59270c3fd7afecdb556c50c9e8de78 -> 
  custom:audio-decoder-ogg-vorbis: bf7c407c2cedff20999df2af8eb42d56 -> 
========================================================================
Received Import Request.
  Time since last request: 5051.604061 seconds.
  path: Assets/Scenes
  artifactKey: Guid(6ea315d0fd7389c41b19996891e99ae3) Importer(815301076,1909f56bfc062723c751e8b465ee728b)
Start importing Assets/Scenes using Guid(6ea315d0fd7389c41b19996891e99ae3) Importer(815301076,1909f56bfc062723c751e8b465ee728b)  -> (artifact id: 'b8193726cff86800c54781cdc6d54904') in 0.013470 seconds 
========================================================================
Received Import Request.
  Time since last request: 0.000026 seconds.
  path: Assets/Scenes/SampleScene.unity
  artifactKey: Guid(9fc0d4010bbf28b4594072e72b8655ab) Importer(815301076,1909f56bfc062723c751e8b465ee728b)
Start importing Assets/Scenes/SampleScene.unity using Guid(9fc0d4010bbf28b4594072e72b8655ab) Importer(815301076,1909f56bfc062723c751e8b465ee728b)  -> (artifact id: '754591b7a4b2006ac0c4a8472082ee87') in 0.005667 seconds 
========================================================================
Received Prepare
Registering precompiled user dll's ...
Registered in 0.003451 seconds.
Begin MonoManager ReloadAssembly
Symbol file LoadedFromMemory doesn't match image C:\Users\lator\Documents\GitHub\3D-GAME-VJ-FIB\GAME\SpaceInvaders\Library\PackageCache\com.unity.visualscripting@1.7.6\Editor\VisualScripting.Core\Dependencies\YamlDotNet\Unity.VisualScripting.YamlDotNet.dll
Symbol file LoadedFromMemory is not a mono symbol file
Symbol file LoadedFromMemory doesn't match image C:\Users\lator\Documents\GitHub\3D-GAME-VJ-FIB\GAME\SpaceInvaders\Library\PackageCache\com.unity.visualscripting@1.7.6\Editor\VisualScripting.Core\Dependencies\DotNetZip\Unity.VisualScripting.IonicZip.dll
Native extension for WindowsStandalone target not found
Refreshing native plugins compatible for Editor in 0.72 ms, found 3 plugins.
Preloading 0 native plugins for Editor in 0.00 ms.
Mono: successfully reloaded assembly
- Completed reload, in  1.083 seconds
Domain Reload Profiling:
	ReloadAssembly (1084ms)
		BeginReloadAssembly (120ms)
			ExecutionOrderSort (0ms)
			DisableScriptedObjects (5ms)
			BackupInstance (0ms)
			ReleaseScriptingObjects (0ms)
			CreateAndSetChildDomain (29ms)
		EndReloadAssembly (878ms)
			LoadAssemblies (80ms)
			RebuildTransferFunctionScriptingTraits (1ms)
			SetupTypeCache (319ms)
			ReleaseScriptCaches (1ms)
			RebuildScriptCaches (51ms)
			SetupLoadedEditorAssemblies (357ms)
				LogAssemblyErrors (0ms)
				InitializePlatformSupportModulesInManaged (14ms)
				SetLoadedEditorAssemblies (1ms)
				RefreshPlugins (1ms)
				BeforeProcessingInitializeOnLoad (72ms)
				ProcessInitializeOnLoadAttributes (233ms)
				ProcessInitializeOnLoadMethodAttributes (29ms)
				AfterProcessingInitializeOnLoad (8ms)
				EditorAssembliesLoaded (0ms)
			ExecutionOrderSort2 (0ms)
			AwakeInstancesAfterBackupRestoration (8ms)
Platform modules already initialized, skipping
Refreshing native plugins compatible for Editor in 1.80 ms, found 3 plugins.
Preloading 0 native plugins for Editor in 0.00 ms.
Unloading 3223 Unused Serialized files (Serialized files now loaded: 0)
Unloading 14 unused Assets / (24.6 KB). Loaded Objects now: 3695.
Memory consumption went from 111.9 MB to 111.9 MB.
Total: 3.680000 ms (FindLiveObjects: 0.463800 ms CreateObjectMapping: 0.309500 ms MarkObjects: 2.832900 ms  DeleteObjects: 0.071200 ms)

AssetImportParameters requested are different than current active one (requested -> active):
  custom:video-decoder-ogg-theora: a1e56fd34408186e4bbccfd4996cb3dc -> 
  custom:container-muxer-webm: aa71ff27fc2769a1b78a27578f13a17b -> 
  custom:container-demuxer-webm: 4f35f7cbe854078d1ac9338744f61a02 -> 
  custom:video-encoder-webm-vp8: eb34c28f22e8b96e1ab97ce403110664 -> 
  custom:video-codec-MediaFoundation-h265: 746d11721c4dcdbdad8f713fa42b33f4 -> 
  custom:audio-encoder-webm-vorbis: bf7c407c2cedff20999df2af8eb42d56 -> 
  custom:framework-win-MediaFoundation: 216162199b28c13a410421893ffa2e32 -> 
  custom:container-demuxer-ogg: 62fdf1f143b41e24485cea50d1cbac27 -> 
  custom:video-decoder-webm-vp8: 9c59270c3fd7afecdb556c50c9e8de78 -> 
  custom:audio-decoder-ogg-vorbis: bf7c407c2cedff20999df2af8eb42d56 -> 
========================================================================
Received Prepare
Registering precompiled user dll's ...
Registered in 0.003465 seconds.
Begin MonoManager ReloadAssembly
Symbol file LoadedFromMemory doesn't match image C:\Users\lator\Documents\GitHub\3D-GAME-VJ-FIB\GAME\SpaceInvaders\Library\PackageCache\com.unity.visualscripting@1.7.6\Editor\VisualScripting.Core\Dependencies\YamlDotNet\Unity.VisualScripting.YamlDotNet.dll
Symbol file LoadedFromMemory is not a mono symbol file
Symbol file LoadedFromMemory doesn't match image C:\Users\lator\Documents\GitHub\3D-GAME-VJ-FIB\GAME\SpaceInvaders\Library\PackageCache\com.unity.visualscripting@1.7.6\Editor\VisualScripting.Core\Dependencies\DotNetZip\Unity.VisualScripting.IonicZip.dll
Native extension for WindowsStandalone target not found
Refreshing native plugins compatible for Editor in 0.57 ms, found 3 plugins.
Preloading 0 native plugins for Editor in 0.00 ms.
Mono: successfully reloaded assembly
- Completed reload, in  1.058 seconds
Domain Reload Profiling:
	ReloadAssembly (1058ms)
		BeginReloadAssembly (124ms)
			ExecutionOrderSort (0ms)
			DisableScriptedObjects (6ms)
			BackupInstance (0ms)
			ReleaseScriptingObjects (0ms)
			CreateAndSetChildDomain (30ms)
		EndReloadAssembly (843ms)
			LoadAssemblies (82ms)
			RebuildTransferFunctionScriptingTraits (0ms)
			SetupTypeCache (278ms)
			ReleaseScriptCaches (1ms)
			RebuildScriptCaches (48ms)
			SetupLoadedEditorAssemblies (371ms)
				LogAssemblyErrors (0ms)
				InitializePlatformSupportModulesInManaged (14ms)
				SetLoadedEditorAssemblies (1ms)
				RefreshPlugins (1ms)
				BeforeProcessingInitializeOnLoad (70ms)
				ProcessInitializeOnLoadAttributes (241ms)
				ProcessInitializeOnLoadMethodAttributes (34ms)
				AfterProcessingInitializeOnLoad (9ms)
				EditorAssembliesLoaded (0ms)
			ExecutionOrderSort2 (0ms)
			AwakeInstancesAfterBackupRestoration (7ms)
Platform modules already initialized, skipping
Refreshing native plugins compatible for Editor in 1.81 ms, found 3 plugins.
Preloading 0 native plugins for Editor in 0.00 ms.
Unloading 3223 Unused Serialized files (Serialized files now loaded: 0)
Unloading 14 unused Assets / (24.6 KB). Loaded Objects now: 3698.
Memory consumption went from 111.9 MB to 111.9 MB.
Total: 3.680600 ms (FindLiveObjects: 0.303800 ms CreateObjectMapping: 0.192800 ms MarkObjects: 3.126400 ms  DeleteObjects: 0.055600 ms)

AssetImportParameters requested are different than current active one (requested -> active):
  custom:video-decoder-ogg-theora: a1e56fd34408186e4bbccfd4996cb3dc -> 
  custom:container-muxer-webm: aa71ff27fc2769a1b78a27578f13a17b -> 
  custom:container-demuxer-webm: 4f35f7cbe854078d1ac9338744f61a02 -> 
  custom:video-encoder-webm-vp8: eb34c28f22e8b96e1ab97ce403110664 -> 
  custom:video-codec-MediaFoundation-h265: 746d11721c4dcdbdad8f713fa42b33f4 -> 
  custom:audio-encoder-webm-vorbis: bf7c407c2cedff20999df2af8eb42d56 -> 
  custom:framework-win-MediaFoundation: 216162199b28c13a410421893ffa2e32 -> 
  custom:container-demuxer-ogg: 62fdf1f143b41e24485cea50d1cbac27 -> 
  custom:video-decoder-webm-vp8: 9c59270c3fd7afecdb556c50c9e8de78 -> 
  custom:audio-decoder-ogg-vorbis: bf7c407c2cedff20999df2af8eb42d56 -> 
========================================================================
Received Import Request.
  Time since last request: 101.503247 seconds.
  path: Assets/Scripts/CreateInvaders.cs
  artifactKey: Guid(d36814aad518a184e85f07c85518df2f) Importer(815301076,1909f56bfc062723c751e8b465ee728b)
Start importing Assets/Scripts/CreateInvaders.cs using Guid(d36814aad518a184e85f07c85518df2f) Importer(815301076,1909f56bfc062723c751e8b465ee728b)  -> (artifact id: '830e8aff557aa411de1a5bc225b23a28') in 0.032014 seconds 
========================================================================
Received Import Request.
  Time since last request: 7.194095 seconds.
  path: Assets/Scripts/Shoot.cs
  artifactKey: Guid(531ab52f26d86054e889aae6b6db1091) Importer(815301076,1909f56bfc062723c751e8b465ee728b)
Start importing Assets/Scripts/Shoot.cs using Guid(531ab52f26d86054e889aae6b6db1091) Importer(815301076,1909f56bfc062723c751e8b465ee728b)  -> (artifact id: '1a5f08088a2a624cbb143fa3cf56695f') in 0.007640 seconds 
========================================================================
Received Import Request.
  Time since last request: 1.586198 seconds.
  path: Assets/Scripts/MoveShip.cs
  artifactKey: Guid(15c267c34baad8b47a6a5aebe813da44) Importer(815301076,1909f56bfc062723c751e8b465ee728b)
Start importing Assets/Scripts/MoveShip.cs using Guid(15c267c34baad8b47a6a5aebe813da44) Importer(815301076,1909f56bfc062723c751e8b465ee728b)  -> (artifact id: '68cb9a45b1f1b3b914dd7fcff4918cce') in 0.007855 seconds 
========================================================================
Received Import Request.
  Time since last request: 4.367997 seconds.
  path: Assets/Scripts/MoveInvaders.cs
  artifactKey: Guid(7650ffec31ff21b4aac940d7b1f4014e) Importer(815301076,1909f56bfc062723c751e8b465ee728b)
Start importing Assets/Scripts/MoveInvaders.cs using Guid(7650ffec31ff21b4aac940d7b1f4014e) Importer(815301076,1909f56bfc062723c751e8b465ee728b)  -> (artifact id: '63c3f7b077971f55fce7bcfaa094e05e') in 0.005565 seconds 
========================================================================
Received Import Request.
  Time since last request: 1.077656 seconds.
  path: Assets/Scripts/Destroy.cs
  artifactKey: Guid(dcf0df471927bc14a99555eb5a535792) Importer(815301076,1909f56bfc062723c751e8b465ee728b)
Start importing Assets/Scripts/Destroy.cs using Guid(dcf0df471927bc14a99555eb5a535792) Importer(815301076,1909f56bfc062723c751e8b465ee728b)  -> (artifact id: '6c3154f5f97a931636ba0781e651cea4') in 0.005899 seconds 
========================================================================
Received Import Request.
  Time since last request: 99.091654 seconds.
  path: Assets/Sounds/explosion.wav
  artifactKey: Guid(9bcc731efbd37ff48a614031534a8dbc) Importer(815301076,1909f56bfc062723c751e8b465ee728b)
Start importing Assets/Sounds/explosion.wav using Guid(9bcc731efbd37ff48a614031534a8dbc) Importer(815301076,1909f56bfc062723c751e8b465ee728b)  -> (artifact id: '154e722013f1e67302d7d12b6a292146') in 0.116231 seconds 
========================================================================
Received Import Request.
  Time since last request: 0.000015 seconds.
  path: Assets/Sounds/Shoot.wav
  artifactKey: Guid(dde12c2517dd84d46b36c9e19fc01c42) Importer(815301076,1909f56bfc062723c751e8b465ee728b)
Start importing Assets/Sounds/Shoot.wav using Guid(dde12c2517dd84d46b36c9e19fc01c42) Importer(815301076,1909f56bfc062723c751e8b465ee728b)  -> (artifact id: '16f03a444e9495d9b5708f1845ccb692') in 0.020314 seconds 
========================================================================
Received Import Request.
  Time since last request: 0.974775 seconds.
  path: Assets/Tertures/invader.png
  artifactKey: Guid(3a9d7a85c31c4fd4facb04ea969df0ae) Importer(815301076,1909f56bfc062723c751e8b465ee728b)
Start importing Assets/Tertures/invader.png using Guid(3a9d7a85c31c4fd4facb04ea969df0ae) Importer(815301076,1909f56bfc062723c751e8b465ee728b)  -> (artifact id: '22060d33832fcee39c5788c55fc9e840') in 0.052797 seconds 
========================================================================
Received Import Request.
  Time since last request: 5.277266 seconds.
  path: Assets/Tertures/Materials
  artifactKey: Guid(de38c2c6ba53dad4dabcddf16267c150) Importer(815301076,1909f56bfc062723c751e8b465ee728b)
Start importing Assets/Tertures/Materials using Guid(de38c2c6ba53dad4dabcddf16267c150) Importer(815301076,1909f56bfc062723c751e8b465ee728b)  -> (artifact id: '9ff5c6b3d9916cf2478d4e20e39b0028') in 0.005251 seconds 
========================================================================
Received Import Request.
  Time since last request: 0.062080 seconds.
  path: Assets/Tertures/Materials/invader.mat
  artifactKey: Guid(c6ecb61ae22ef1f45bc5e4db452bb32c) Importer(815301076,1909f56bfc062723c751e8b465ee728b)
Start importing Assets/Tertures/Materials/invader.mat using Guid(c6ecb61ae22ef1f45bc5e4db452bb32c) Importer(815301076,1909f56bfc062723c751e8b465ee728b)  -> (artifact id: '212186c00a6e80047e2bf6bc166054fc') in 0.217955 seconds 
========================================================================
Received Import Request.
  Time since last request: 13.334974 seconds.
  path: Assets/Models/invader.obj
  artifactKey: Guid(c6242d84e4a21274491286a676b73e11) Importer(815301076,1909f56bfc062723c751e8b465ee728b)
Start importing Assets/Models/invader.obj using Guid(c6242d84e4a21274491286a676b73e11) Importer(815301076,1909f56bfc062723c751e8b465ee728b)  -> (artifact id: '4e3517f82a5907fc1a6212c0e75ed380') in 0.119837 seconds 
========================================================================
Received Import Request.
  Time since last request: 0.000017 seconds.
  path: Assets/Models/shot.obj
  artifactKey: Guid(c6261c4bba7b42740984481a2828dc9d) Importer(815301076,1909f56bfc062723c751e8b465ee728b)
Start importing Assets/Models/shot.obj using Guid(c6261c4bba7b42740984481a2828dc9d) Importer(815301076,1909f56bfc062723c751e8b465ee728b)  -> (artifact id: '6dd8f88432d2ea786fff89b8acc3f0d3') in 0.039024 seconds 
========================================================================
Received Import Request.
  Time since last request: 35.989252 seconds.
  path: Assets/Materials/BGMat.mat
  artifactKey: Guid(45e5f2bd97d66734b88e92e876516399) Importer(815301076,1909f56bfc062723c751e8b465ee728b)
Start importing Assets/Materials/BGMat.mat using Guid(45e5f2bd97d66734b88e92e876516399) Importer(815301076,1909f56bfc062723c751e8b465ee728b)  -> (artifact id: '4586fdc6aa78ebf85d6bb0f83d0c7b05') in 0.034009 seconds 
========================================================================
Received Import Request.
  Time since last request: 0.000016 seconds.
  path: Assets/Materials/ShotMat.mat
  artifactKey: Guid(148d4124bf47a2d4998503989241a23e) Importer(815301076,1909f56bfc062723c751e8b465ee728b)
Start importing Assets/Materials/ShotMat.mat using Guid(148d4124bf47a2d4998503989241a23e) Importer(815301076,1909f56bfc062723c751e8b465ee728b)  -> (artifact id: 'd07292a16e7b937827f947649db8cbfa') in 0.035247 seconds 
========================================================================
Received Import Request.
  Time since last request: 1.341786 seconds.
  path: Assets/Prefabs/Invader.prefab
  artifactKey: Guid(b9d9a754b7404e74db34e94aedc685f1) Importer(815301076,1909f56bfc062723c751e8b465ee728b)
Start importing Assets/Prefabs/Invader.prefab using Guid(b9d9a754b7404e74db34e94aedc685f1) Importer(815301076,1909f56bfc062723c751e8b465ee728b)  -> (artifact id: '62ae7b2a12e110a652bd19bd78db8d9f') in 0.018415 seconds 
========================================================================
Received Import Request.
  Time since last request: 598.534685 seconds.
  path: Assets/Alstra Infinite/Platform Tiles - PolyPack/Scene/SceneMat.mat
  artifactKey: Guid(ebdf4e0a715ef104783ed6e66e9b0d96) Importer(815301076,1909f56bfc062723c751e8b465ee728b)
Start importing Assets/Alstra Infinite/Platform Tiles - PolyPack/Scene/SceneMat.mat using Guid(ebdf4e0a715ef104783ed6e66e9b0d96) Importer(815301076,1909f56bfc062723c751e8b465ee728b)  -> (artifact id: 'a33a0f2d412aab617bea7b88073ea880') in 0.012294 seconds 
========================================================================
Received Import Request.
  Time since last request: 1.490000 seconds.
  path: Assets/Alstra Infinite/Platform Tiles - PolyPack/Scene/Showcase.unity
  artifactKey: Guid(07e409f94de4cdf42b8ef8c7daacab59) Importer(815301076,1909f56bfc062723c751e8b465ee728b)
Start importing Assets/Alstra Infinite/Platform Tiles - PolyPack/Scene/Showcase.unity using Guid(07e409f94de4cdf42b8ef8c7daacab59) Importer(815301076,1909f56bfc062723c751e8b465ee728b)  -> (artifact id: '6dab0cb76376a0fde4e816849bf13756') in 0.004857 seconds 
========================================================================
Received Prepare
Registering precompiled user dll's ...
Registered in 0.004315 seconds.
Begin MonoManager ReloadAssembly
Symbol file LoadedFromMemory doesn't match image C:\Users\lator\Documents\GitHub\3D-GAME-VJ-FIB\GAME\SpaceInvaders\Library\PackageCache\com.unity.visualscripting@1.7.6\Editor\VisualScripting.Core\Dependencies\YamlDotNet\Unity.VisualScripting.YamlDotNet.dll
Symbol file LoadedFromMemory is not a mono symbol file
Symbol file LoadedFromMemory doesn't match image C:\Users\lator\Documents\GitHub\3D-GAME-VJ-FIB\GAME\SpaceInvaders\Library\PackageCache\com.unity.visualscripting@1.7.6\Editor\VisualScripting.Core\Dependencies\DotNetZip\Unity.VisualScripting.IonicZip.dll
Native extension for WindowsStandalone target not found
Refreshing native plugins compatible for Editor in 0.70 ms, found 3 plugins.
Preloading 0 native plugins for Editor in 0.00 ms.
Mono: successfully reloaded assembly
- Completed reload, in  0.967 seconds
Domain Reload Profiling:
	ReloadAssembly (968ms)
		BeginReloadAssembly (126ms)
			ExecutionOrderSort (0ms)
			DisableScriptedObjects (6ms)
			BackupInstance (0ms)
			ReleaseScriptingObjects (0ms)
			CreateAndSetChildDomain (31ms)
		EndReloadAssembly (756ms)
			LoadAssemblies (83ms)
			RebuildTransferFunctionScriptingTraits (0ms)
			SetupTypeCache (248ms)
			ReleaseScriptCaches (1ms)
			RebuildScriptCaches (41ms)
			SetupLoadedEditorAssemblies (332ms)
				LogAssemblyErrors (0ms)
				InitializePlatformSupportModulesInManaged (13ms)
				SetLoadedEditorAssemblies (1ms)
				RefreshPlugins (1ms)
				BeforeProcessingInitializeOnLoad (67ms)
				ProcessInitializeOnLoadAttributes (212ms)
				ProcessInitializeOnLoadMethodAttributes (31ms)
				AfterProcessingInitializeOnLoad (8ms)
				EditorAssembliesLoaded (0ms)
			ExecutionOrderSort2 (0ms)
			AwakeInstancesAfterBackupRestoration (8ms)
Platform modules already initialized, skipping
Refreshing native plugins compatible for Editor in 2.36 ms, found 3 plugins.
Preloading 0 native plugins for Editor in 0.00 ms.
Unloading 3223 Unused Serialized files (Serialized files now loaded: 0)
Unloading 14 unused Assets / (24.6 KB). Loaded Objects now: 3749.
Memory consumption went from 116.8 MB to 116.8 MB.
Total: 3.372100 ms (FindLiveObjects: 0.281800 ms CreateObjectMapping: 0.162000 ms MarkObjects: 2.899300 ms  DeleteObjects: 0.027600 ms)

AssetImportParameters requested are different than current active one (requested -> active):
  custom:video-decoder-ogg-theora: a1e56fd34408186e4bbccfd4996cb3dc -> 
  custom:container-muxer-webm: aa71ff27fc2769a1b78a27578f13a17b -> 
  custom:container-demuxer-webm: 4f35f7cbe854078d1ac9338744f61a02 -> 
  custom:video-encoder-webm-vp8: eb34c28f22e8b96e1ab97ce403110664 -> 
  custom:video-codec-MediaFoundation-h265: 746d11721c4dcdbdad8f713fa42b33f4 -> 
  custom:audio-encoder-webm-vorbis: bf7c407c2cedff20999df2af8eb42d56 -> 
  custom:framework-win-MediaFoundation: 216162199b28c13a410421893ffa2e32 -> 
  custom:container-demuxer-ogg: 62fdf1f143b41e24485cea50d1cbac27 -> 
  custom:video-decoder-webm-vp8: 9c59270c3fd7afecdb556c50c9e8de78 -> 
  custom:audio-decoder-ogg-vorbis: bf7c407c2cedff20999df2af8eb42d56 -> 
========================================================================
Received Import Request.
  Time since last request: 14.977825 seconds.
  path: Assets/Alstra Infinite/Platform Tiles - PolyPack/Models/Block_Acc_MineralV1.fbx
  artifactKey: Guid(8df6cf7e776119d47910bb26f691038e) Importer(815301076,1909f56bfc062723c751e8b465ee728b)
Start importing Assets/Alstra Infinite/Platform Tiles - PolyPack/Models/Block_Acc_MineralV1.fbx using Guid(8df6cf7e776119d47910bb26f691038e) Importer(815301076,1909f56bfc062723c751e8b465ee728b)  -> (artifact id: '2ccbf4b87e7c32a7d8fd4b3529ee21b9') in 0.095507 seconds 
========================================================================
Received Import Request.
  Time since last request: 0.000021 seconds.
  path: Assets/Alstra Infinite/Platform Tiles - PolyPack/Models/Tile_WaterV1.fbx
  artifactKey: Guid(cb6f2c270ee7e164fa5fbba8aac63152) Importer(815301076,1909f56bfc062723c751e8b465ee728b)
Start importing Assets/Alstra Infinite/Platform Tiles - PolyPack/Models/Tile_WaterV1.fbx using Guid(cb6f2c270ee7e164fa5fbba8aac63152) Importer(815301076,1909f56bfc062723c751e8b465ee728b)  -> (artifact id: 'e72765bfbc9bc8ae2d43406f77ef0943') in 0.027611 seconds 
========================================================================
Received Import Request.
  Time since last request: 0.000016 seconds.
  path: Assets/Alstra Infinite/Platform Tiles - PolyPack/Models/Tile_StoneV1.fbx
  artifactKey: Guid(2baac3a9d5000804db647928fe1cd56b) Importer(815301076,1909f56bfc062723c751e8b465ee728b)
Start importing Assets/Alstra Infinite/Platform Tiles - PolyPack/Models/Tile_StoneV1.fbx using Guid(2baac3a9d5000804db647928fe1cd56b) Importer(815301076,1909f56bfc062723c751e8b465ee728b)  -> (artifact id: '4974c188f506b3941cbbcd9abaaaf3c6') in 0.025756 seconds 
========================================================================
Received Import Request.
  Time since last request: 0.000020 seconds.
  path: Assets/Alstra Infinite/Platform Tiles - PolyPack/Models/Block_WaterV1.fbx
  artifactKey: Guid(ec6b68492e85f27449dea377bc52703f) Importer(815301076,1909f56bfc062723c751e8b465ee728b)
Start importing Assets/Alstra Infinite/Platform Tiles - PolyPack/Models/Block_WaterV1.fbx using Guid(ec6b68492e85f27449dea377bc52703f) Importer(815301076,1909f56bfc062723c751e8b465ee728b)  -> (artifact id: '36ff90f2ad2fa47819c438cef45ad6c2') in 0.028769 seconds 
========================================================================
Received Import Request.
  Time since last request: 0.000027 seconds.
  path: Assets/Alstra Infinite/Platform Tiles - PolyPack/Models/Block_StoneV1.fbx
  artifactKey: Guid(1c9c37a03480acc4db73d9d645a42c76) Importer(815301076,1909f56bfc062723c751e8b465ee728b)
Start importing Assets/Alstra Infinite/Platform Tiles - PolyPack/Models/Block_StoneV1.fbx using Guid(1c9c37a03480acc4db73d9d645a42c76) Importer(815301076,1909f56bfc062723c751e8b465ee728b)  -> (artifact id: '390003cf5842522faeeea45b2a05f9f9') in 0.023180 seconds 
========================================================================
Received Import Request.
  Time since last request: 0.000027 seconds.
  path: Assets/Alstra Infinite/Platform Tiles - PolyPack/Models/Block_TreeV1.fbx
  artifactKey: Guid(5d114db4f9024014784a5ee3f163faf1) Importer(815301076,1909f56bfc062723c751e8b465ee728b)
Start importing Assets/Alstra Infinite/Platform Tiles - PolyPack/Models/Block_TreeV1.fbx using Guid(5d114db4f9024014784a5ee3f163faf1) Importer(815301076,1909f56bfc062723c751e8b465ee728b)  -> (artifact id: 'df09de5c30aaa4d17a780872b893b05a') in 0.026584 seconds 
========================================================================
Received Import Request.
  Time since last request: 12.431847 seconds.
  path: Assets/Alstra Infinite/Platform Tiles - PolyPack/Prefabs/Block_Acc_MineralV1.prefab
  artifactKey: Guid(911cb22511b5a464e9d1ff552aea6a91) Importer(815301076,1909f56bfc062723c751e8b465ee728b)
Start importing Assets/Alstra Infinite/Platform Tiles - PolyPack/Prefabs/Block_Acc_MineralV1.prefab using Guid(911cb22511b5a464e9d1ff552aea6a91) Importer(815301076,1909f56bfc062723c751e8b465ee728b)  -> (artifact id: 'e6aa5e6eaeab6ab5df61c788860dc380') in 0.014188 seconds 
========================================================================
Received Import Request.
  Time since last request: 0.000015 seconds.
  path: Assets/Alstra Infinite/Platform Tiles - PolyPack/Prefabs/Tile_Acc_RockWGrassV1.prefab
  artifactKey: Guid(90e82e4a9b9809f47978b97c8a749572) Importer(815301076,1909f56bfc062723c751e8b465ee728b)
Start importing Assets/Alstra Infinite/Platform Tiles - PolyPack/Prefabs/Tile_Acc_RockWGrassV1.prefab using Guid(90e82e4a9b9809f47978b97c8a749572) Importer(815301076,1909f56bfc062723c751e8b465ee728b)  -> (artifact id: '5063d593eed353b31ec5508a313ba247') in 0.017165 seconds 
========================================================================
Received Import Request.
  Time since last request: 0.000023 seconds.
  path: Assets/Alstra Infinite/Platform Tiles - PolyPack/Prefabs/Block_StoneV1.prefab
  artifactKey: Guid(14251c195d631f64998af068e988a8d6) Importer(815301076,1909f56bfc062723c751e8b465ee728b)
Start importing Assets/Alstra Infinite/Platform Tiles - PolyPack/Prefabs/Block_StoneV1.prefab using Guid(14251c195d631f64998af068e988a8d6) Importer(815301076,1909f56bfc062723c751e8b465ee728b)  -> (artifact id: 'c654175ae7a4642431d6922f69cae930') in 0.015375 seconds 
========================================================================
Received Import Request.
  Time since last request: 0.000021 seconds.
  path: Assets/Alstra Infinite/Platform Tiles - PolyPack/Prefabs/Block_WaterV1.prefab
  artifactKey: Guid(c3c5d86679719d5439f5cbf5e87142cb) Importer(815301076,1909f56bfc062723c751e8b465ee728b)
Start importing Assets/Alstra Infinite/Platform Tiles - PolyPack/Prefabs/Block_WaterV1.prefab using Guid(c3c5d86679719d5439f5cbf5e87142cb) Importer(815301076,1909f56bfc062723c751e8b465ee728b)  -> (artifact id: 'b999eb5b030bc79fa25117349ba8dcab') in 0.017179 seconds 
========================================================================
Received Import Request.
  Time since last request: 0.000020 seconds.
  path: Assets/Alstra Infinite/Platform Tiles - PolyPack/Prefabs/Tile_WaterV1.prefab
  artifactKey: Guid(4707231c0cbf9614da99cd2e05c0c31a) Importer(815301076,1909f56bfc062723c751e8b465ee728b)
Start importing Assets/Alstra Infinite/Platform Tiles - PolyPack/Prefabs/Tile_WaterV1.prefab using Guid(4707231c0cbf9614da99cd2e05c0c31a) Importer(815301076,1909f56bfc062723c751e8b465ee728b)  -> (artifact id: 'f64f752a0b6cee6fcbdaf7070ebe3d3f') in 0.014458 seconds 
========================================================================
Received Import Request.
  Time since last request: 0.000033 seconds.
  path: Assets/Alstra Infinite/Platform Tiles - PolyPack/Prefabs/Tile_Acc_StonePlatesV1.prefab
  artifactKey: Guid(88fd1f7a49f01de4c8a8984f2db6a128) Importer(815301076,1909f56bfc062723c751e8b465ee728b)
Start importing Assets/Alstra Infinite/Platform Tiles - PolyPack/Prefabs/Tile_Acc_StonePlatesV1.prefab using Guid(88fd1f7a49f01de4c8a8984f2db6a128) Importer(815301076,1909f56bfc062723c751e8b465ee728b)  -> (artifact id: '702d39f57f117f1d77fdde1974b7fea0') in 0.016725 seconds 
========================================================================
Received Import Request.
  Time since last request: 1.535024 seconds.
  path: Assets/Alstra Infinite/Platform Tiles - PolyPack/Texture/PolyPack_Main1.png
  artifactKey: Guid(8d100e831454e4d4aad7cacc1d16a64a) Importer(815301076,1909f56bfc062723c751e8b465ee728b)
Start importing Assets/Alstra Infinite/Platform Tiles - PolyPack/Texture/PolyPack_Main1.png using Guid(8d100e831454e4d4aad7cacc1d16a64a) Importer(815301076,1909f56bfc062723c751e8b465ee728b)  -> (artifact id: 'fa0b7b968c2cce33a179522d0ca44919') in 0.020498 seconds 
========================================================================
Received Import Request.
  Time since last request: 19.266994 seconds.
  path: Assets/Alstra Infinite/Platform Tiles - PolyPack/Materials/AccentColor.mat
  artifactKey: Guid(e156f083941ebe941963a8178af97141) Importer(815301076,1909f56bfc062723c751e8b465ee728b)
Start importing Assets/Alstra Infinite/Platform Tiles - PolyPack/Materials/AccentColor.mat using Guid(e156f083941ebe941963a8178af97141) Importer(815301076,1909f56bfc062723c751e8b465ee728b)  -> (artifact id: '041e5aa71a2869cb0f295385092860c6') in 0.026114 seconds 
========================================================================
Received Import Request.
  Time since last request: 0.000015 seconds.
  path: Assets/Alstra Infinite/Platform Tiles - PolyPack/Materials/Water.mat
  artifactKey: Guid(7ad66946680afb94ab76cb431034e834) Importer(815301076,1909f56bfc062723c751e8b465ee728b)
Start importing Assets/Alstra Infinite/Platform Tiles - PolyPack/Materials/Water.mat using Guid(7ad66946680afb94ab76cb431034e834) Importer(815301076,1909f56bfc062723c751e8b465ee728b)  -> (artifact id: 'bfb795954911ea6a101b86a9d0a8827e') in 0.019076 seconds 
